<?xml version="1.0" encoding="UTF-8"?>
<testsuites>
  <testsuite name="shinytest2-tm_g_gh_boxplot" timestamp="2025-03-17T20:15:31Z" hostname="00a239da4593" tests="6" skipped="5" failures="0" errors="1" time="4.946">
    <testcase time="2.742" classname="shinytest2_tm_g_gh_boxplot" name="toggle_slider_module_widgets_are_initialized_with_proper_values">
      <error type="error" message="Error in `app_initialize(self, private, app_dir = app_dir, ..., load_timeout = load_timeout,  ('test-shinytest2-tm_g_gh_boxplot.R:47:3')">Error in `app_initialize(self, private, app_dir = app_dir, ..., load_timeout = load_timeout, 
    timeout = timeout, wait = wait, expect_values_screenshot_args = expect_values_screenshot_args, 
    screenshot_args = screenshot_args, check_names = check_names, 
    name = name, variant = variant, view = view, height = height, 
    width = width, seed = seed, clean_logs = clean_logs, shiny_args = shiny_args, 
    render_args = render_args, options = options)`: code: -32602
  message: Target position can only be set for new windows


i You can inspect the failed AppDriver object via `rlang::last_error()$app`
i AppDriver logs:
{shinytest2} R info   20:15:32.93 Start AppDriver initialization
{shinytest2} R info   20:15:33.06 Starting Shiny app
{shinytest2} R info   20:15:34.10 Creating new ChromoteSession
{shinytest2} R info   20:15:34.12 Error while initializing AppDriver:
                                  code: -32602
                                    message: Target position can only be set for new windows
{shiny}      R stderr ----------- Loading required package: shiny
{shiny}      R stderr ----------- Attempting to load the environment ‘package:stringr’
{shiny}      R stderr ----------- Loading required package: goshawk
{shiny}      R stderr ----------- Loading required package: dplyr
{shiny}      R stderr ----------- 
{shiny}      R stderr ----------- Attaching package: ‘dplyr’
{shiny}      R stderr ----------- 
{shiny}      R stderr ----------- The following objects are masked from ‘package:stats’:
{shiny}      R stderr ----------- 
{shiny}      R stderr -----------     filter, lag
{shiny}      R stderr ----------- 
{shiny}      R stderr ----------- The following objects are masked from ‘package:base’:
{shiny}      R stderr ----------- 
{shiny}      R stderr -----------     intersect, setdiff, setequal, union
{shiny}      R stderr ----------- 
{shiny}      R stderr ----------- Loading required package: teal
{shiny}      R stderr ----------- Loading required package: teal.data
{shiny}      R stderr ----------- Loading required package: teal.code
{shiny}      R stderr ----------- Loading required package: teal.slice
{shiny}      R stderr ----------- 
{shiny}      R stderr ----------- You are using teal version 0.16.0.9003
{shiny}      R stderr ----------- 
{shiny}      R stderr ----------- Attaching package: ‘teal’
{shiny}      R stderr ----------- 
{shiny}      R stderr ----------- The following objects are masked from ‘package:teal.slice’:
{shiny}      R stderr ----------- 
{shiny}      R stderr -----------     as.teal_slices, teal_slices
{shiny}      R stderr ----------- 
{shiny}      R stderr ----------- Loading required package: teal.transform
{shiny}      R stderr ----------- Running application in test mode.
{shiny}      R stderr ----------- 
{shiny}      R stderr ----------- Listening on http://127.0.0.1:5423


Caused by error in `callback()`:
! code: -32602
  message: Target position can only be set for new windows
Backtrace:
     x
  1. +-teal.goshawk (local) app_driver() at test-shinytest2-tm_g_gh_boxplot.R:47:3
  2. | \-teal.goshawk:::init_teal_app_driver(...) at test-shinytest2-tm_g_gh_boxplot.R:23:3
  3. |   +-testthat::with_mocked_bindings(...) at tests/testthat/helper-TealAppDriver.R:2:3
  4. |   \-TealAppDriver$new(...) at tests/testthat/helper-TealAppDriver.R:5:7
  5. |     \-teal (local) initialize(...)
  6. |       +-base::suppressWarnings(...)
  7. |       | \-base::withCallingHandlers(...)
  8. |       \-super$initialize(...)
  9. |         \-shinytest2:::app_initialize(...)
 10. |           +-base::withCallingHandlers(...)
 11. |           \-shinytest2:::app_initialize_(self, private, ..., view = view)
 12. |             \-chromote::default_chromote_object()$new_session()
 13. |               \-chromote:::create_session(...)
 14. |                 \-ChromoteSession$new(...)
 15. |                   \-chromote (local) initialize(...)
 16. |                     \-self$wait_for(p)
 17. |                       \-self$parent$wait_for(p)
 18. |                         \-chromote:::synchronize(p, loop = private$child_loop)
 19. |                           +-promises::with_promise_domain(...)
 20. |                           | \-domain$wrapSync(expr)
 21. |                           |   \-base::force(expr)
 22. |                           +-base::tryCatch(...)
 23. |                           | \-base (local) tryCatchList(expr, classes, parentenv, handlers)
 24. |                           |   \-base (local) tryCatchOne(expr, names, parentenv, handlers[[1L]])
 25. |                           |     \-base (local) doTryCatch(return(expr), name, parentenv, handler)
 26. |                           \-base::stop(value)
 27. \-shinytest2 (local) `&lt;fn&gt;`(`&lt;smplErrr&gt;`)
 28.   \-shinytest2:::app_abort(...)
 29.     \-rlang::abort(..., app = self, call = call)</error>
    </testcase>
    <testcase time="0.578" classname="shinytest2_tm_g_gh_boxplot" name="toggle_slider_module_changing_the_sliderInput_sets_proper_numericInput_values">
      <skipped message="Reason: `shinytest2::AppDriver` can not be initialized as {chromote} can not be started ('test-shinytest2-tm_g_gh_boxplot.R:54:3')"/>
    </testcase>
    <testcase time="0.420999999999999" classname="shinytest2_tm_g_gh_boxplot" name="toggle_slider_module_changing_the_numericInputs_within_the_sliderInput_range_sets_proper_sliderInput_values">
      <skipped message="Reason: `shinytest2::AppDriver` can not be initialized as {chromote} can not be started ('test-shinytest2-tm_g_gh_boxplot.R:67:5')"/>
    </testcase>
    <testcase time="0.41" classname="shinytest2_tm_g_gh_boxplot" name="toggle_slider_module_changing_the_numericInputs_outside_the_sliderInput_range_sets_proper_sliderInput_values_and_range">
      <skipped message="Reason: `shinytest2::AppDriver` can not be initialized as {chromote} can not be started ('test-shinytest2-tm_g_gh_boxplot.R:88:5')"/>
    </testcase>
    <testcase time="0.398" classname="shinytest2_tm_g_gh_boxplot" name="toggle_slider_module_changing_the_numericInputs_within_the_rage_sets_back_the_sliderInput_range_to_initial_range">
      <skipped message="Reason: `shinytest2::AppDriver` can not be initialized as {chromote} can not be started ('test-shinytest2-tm_g_gh_boxplot.R:108:5')"/>
    </testcase>
    <testcase time="0.397" classname="shinytest2_tm_g_gh_boxplot" name="toggle_slider_module_changing_dependant_widgets_outside_sets_proper_sliderInput_and_numericInput_values">
      <skipped message="Reason: `shinytest2::AppDriver` can not be initialized as {chromote} can not be started ('test-shinytest2-tm_g_gh_boxplot.R:129:5')"/>
    </testcase>
  </testsuite>
</testsuites>
