<?xml version="1.0" encoding="UTF-8"?>
<testsuites>
  <testsuite name="simple-shinytest2" timestamp="2025-05-27T00:38:07Z" hostname="c2cab2eabd81" tests="1" skipped="0" failures="0" errors="0" time="2.791">
    <testcase time="2.791" classname="simple_shinytest2" name="app_says_testing"/>
  </testsuite>
</testsuites>
