<?xml version="1.0" encoding="UTF-8"?>
<testsuites>
  <testsuite name="shinytest2-tm_g_gh_boxplot" timestamp="2025-10-17T13:06:05Z" hostname="a9880ca2c772" tests="6" skipped="6" failures="0" errors="0" time="3.947">
    <testcase time="0.778" classname="shinytest2_tm_g_gh_boxplot" name="toggle_slider_module_widgets_are_initialized_with_proper_values">
      <skipped message="Reason: On CRAN ('test-shinytest2-tm_g_gh_boxplot.R:25:3')"/>
    </testcase>
    <testcase time="0.666" classname="shinytest2_tm_g_gh_boxplot" name="toggle_slider_module_changing_the_sliderInput_sets_proper_numericInput_values">
      <skipped message="Reason: On CRAN ('test-shinytest2-tm_g_gh_boxplot.R:38:3')"/>
    </testcase>
    <testcase time="0.616" classname="shinytest2_tm_g_gh_boxplot" name="toggle_slider_module_changing_the_numericInputs_within_the_sliderInput_range_sets_proper_sliderInput_values">
      <skipped message="Reason: On CRAN ('test-shinytest2-tm_g_gh_boxplot.R:54:5')"/>
    </testcase>
    <testcase time="0.594" classname="shinytest2_tm_g_gh_boxplot" name="toggle_slider_module_changing_the_numericInputs_outside_the_sliderInput_range_sets_proper_sliderInput_values_and_range">
      <skipped message="Reason: On CRAN ('test-shinytest2-tm_g_gh_boxplot.R:88:5')"/>
    </testcase>
    <testcase time="0.736" classname="shinytest2_tm_g_gh_boxplot" name="toggle_slider_module_changing_the_numericInputs_within_the_rage_sets_back_the_sliderInput_range_to_initial_range">
      <skipped message="Reason: On CRAN ('test-shinytest2-tm_g_gh_boxplot.R:121:5')"/>
    </testcase>
    <testcase time="0.557" classname="shinytest2_tm_g_gh_boxplot" name="toggle_slider_module_changing_dependant_widgets_outside_sets_proper_sliderInput_and_numericInput_values">
      <skipped message="Reason: On CRAN ('test-shinytest2-tm_g_gh_boxplot.R:155:5')"/>
    </testcase>
  </testsuite>
</testsuites>
