<?xml version="1.0" encoding="UTF-8"?>
<testsuites>
  <testsuite name="shinytest2-tm_g_gh_boxplot" timestamp="2025-01-21T13:02:13Z" hostname="6bc157ce295b" tests="12" skipped="0" failures="0" errors="0" time="58.077">
    <testcase time="13.845" classname="shinytest2_tm_g_gh_boxplot" name="toggle_slider_module_widgets_are_initialized_with_proper_values"/>
    <testcase time="0.0150000000000006" classname="shinytest2_tm_g_gh_boxplot" name="toggle_slider_module_widgets_are_initialized_with_proper_values"/>
    <testcase time="7.396" classname="shinytest2_tm_g_gh_boxplot" name="toggle_slider_module_changing_the_sliderInput_sets_proper_numericInput_values"/>
    <testcase time="0.00100000000000122" classname="shinytest2_tm_g_gh_boxplot" name="toggle_slider_module_changing_the_sliderInput_sets_proper_numericInput_values"/>
    <testcase time="9.574" classname="shinytest2_tm_g_gh_boxplot" name="toggle_slider_module_changing_the_numericInputs_within_the_sliderInput_range_sets_proper_sliderInput_values"/>
    <testcase time="0.00100000000000122" classname="shinytest2_tm_g_gh_boxplot" name="toggle_slider_module_changing_the_numericInputs_within_the_sliderInput_range_sets_proper_sliderInput_values"/>
    <testcase time="9.343" classname="shinytest2_tm_g_gh_boxplot" name="toggle_slider_module_changing_the_numericInputs_outside_the_sliderInput_range_sets_proper_sliderInput_values_and_range"/>
    <testcase time="0.00500000000000256" classname="shinytest2_tm_g_gh_boxplot" name="toggle_slider_module_changing_the_numericInputs_outside_the_sliderInput_range_sets_proper_sliderInput_values_and_range"/>
    <testcase time="9.452" classname="shinytest2_tm_g_gh_boxplot" name="toggle_slider_module_changing_the_numericInputs_within_the_rage_sets_back_the_sliderInput_range_to_initial_range"/>
    <testcase time="0.00200000000000244" classname="shinytest2_tm_g_gh_boxplot" name="toggle_slider_module_changing_the_numericInputs_within_the_rage_sets_back_the_sliderInput_range_to_initial_range"/>
    <testcase time="8.441" classname="shinytest2_tm_g_gh_boxplot" name="toggle_slider_module_changing_dependant_widgets_outside_sets_proper_sliderInput_and_numericInput_values"/>
    <testcase time="0.00199999999999534" classname="shinytest2_tm_g_gh_boxplot" name="toggle_slider_module_changing_dependant_widgets_outside_sets_proper_sliderInput_and_numericInput_values"/>
  </testsuite>
</testsuites>
