<?xml version="1.0" encoding="UTF-8"?>
<testsuites>
  <testsuite name="shinytest2-tm_g_gh_boxplot" timestamp="2024-11-08T14:12:58Z" hostname="81ff21b33ac2" tests="12" skipped="0" failures="0" errors="0" time="55.907">
    <testcase time="12.972" classname="shinytest2_tm_g_gh_boxplot" name="toggle_slider_module_widgets_are_initialized_with_proper_values"/>
    <testcase time="0.0149999999999988" classname="shinytest2_tm_g_gh_boxplot" name="toggle_slider_module_widgets_are_initialized_with_proper_values"/>
    <testcase time="7.01" classname="shinytest2_tm_g_gh_boxplot" name="toggle_slider_module_changing_the_sliderInput_sets_proper_numericInput_values"/>
    <testcase time="0.00100000000000122" classname="shinytest2_tm_g_gh_boxplot" name="toggle_slider_module_changing_the_sliderInput_sets_proper_numericInput_values"/>
    <testcase time="9.292" classname="shinytest2_tm_g_gh_boxplot" name="toggle_slider_module_changing_the_numericInputs_within_the_sliderInput_range_sets_proper_sliderInput_values"/>
    <testcase time="0.000999999999997669" classname="shinytest2_tm_g_gh_boxplot" name="toggle_slider_module_changing_the_numericInputs_within_the_sliderInput_range_sets_proper_sliderInput_values"/>
    <testcase time="9.263" classname="shinytest2_tm_g_gh_boxplot" name="toggle_slider_module_changing_the_numericInputs_outside_the_sliderInput_range_sets_proper_sliderInput_values_and_range"/>
    <testcase time="0.000999999999997669" classname="shinytest2_tm_g_gh_boxplot" name="toggle_slider_module_changing_the_numericInputs_outside_the_sliderInput_range_sets_proper_sliderInput_values_and_range"/>
    <testcase time="9.366" classname="shinytest2_tm_g_gh_boxplot" name="toggle_slider_module_changing_the_numericInputs_within_the_rage_sets_back_the_sliderInput_range_to_initial_range"/>
    <testcase time="0.00200000000000244" classname="shinytest2_tm_g_gh_boxplot" name="toggle_slider_module_changing_the_numericInputs_within_the_rage_sets_back_the_sliderInput_range_to_initial_range"/>
    <testcase time="7.983" classname="shinytest2_tm_g_gh_boxplot" name="toggle_slider_module_changing_dependant_widgets_outside_sets_proper_sliderInput_and_numericInput_values"/>
    <testcase time="0.00100000000000477" classname="shinytest2_tm_g_gh_boxplot" name="toggle_slider_module_changing_dependant_widgets_outside_sets_proper_sliderInput_and_numericInput_values"/>
  </testsuite>
</testsuites>
