<?xml version="1.0" encoding="UTF-8"?>
<testsuites>
  <testsuite name="shinytest2-tm_g_gh_boxplot" timestamp="2025-09-11T12:52:24Z" hostname="6d1cec6efd29" tests="9" skipped="0" failures="0" errors="0" time="116.357">
    <testcase time="11.421" classname="shinytest2_tm_g_gh_boxplot" name="toggle_slider_module_widgets_are_initialized_with_proper_values"/>
    <testcase time="3.159" classname="shinytest2_tm_g_gh_boxplot" name="toggle_slider_module_widgets_are_initialized_with_proper_values"/>
    <testcase time="0.0560000000000009" classname="shinytest2_tm_g_gh_boxplot" name="toggle_slider_module_widgets_are_initialized_with_proper_values"/>
    <testcase time="16.677" classname="shinytest2_tm_g_gh_boxplot" name="toggle_slider_module_changing_the_sliderInput_sets_proper_numericInput_values"/>
    <testcase time="0.0519999999999996" classname="shinytest2_tm_g_gh_boxplot" name="toggle_slider_module_changing_the_sliderInput_sets_proper_numericInput_values"/>
    <testcase time="22.865" classname="shinytest2_tm_g_gh_boxplot" name="toggle_slider_module_changing_the_numericInputs_within_the_sliderInput_range_sets_proper_sliderInput_values"/>
    <testcase time="23.618" classname="shinytest2_tm_g_gh_boxplot" name="toggle_slider_module_changing_the_numericInputs_outside_the_sliderInput_range_sets_proper_sliderInput_values_and_range"/>
    <testcase time="23.974" classname="shinytest2_tm_g_gh_boxplot" name="toggle_slider_module_changing_the_numericInputs_within_the_rage_sets_back_the_sliderInput_range_to_initial_range"/>
    <testcase time="14.535" classname="shinytest2_tm_g_gh_boxplot" name="toggle_slider_module_changing_dependant_widgets_outside_sets_proper_sliderInput_and_numericInput_values"/>
  </testsuite>
</testsuites>
