<?xml version="1.0" encoding="UTF-8"?>
<testsuites>
  <testsuite name="shinytest2-tm_g_gh_boxplot" timestamp="2025-08-20T04:32:25Z" hostname="1afb6bb5fc7d" tests="9" skipped="0" failures="0" errors="0" time="102.449">
    <testcase time="10.596" classname="shinytest2_tm_g_gh_boxplot" name="toggle_slider_module_widgets_are_initialized_with_proper_values"/>
    <testcase time="3.007" classname="shinytest2_tm_g_gh_boxplot" name="toggle_slider_module_widgets_are_initialized_with_proper_values"/>
    <testcase time="0.0619999999999994" classname="shinytest2_tm_g_gh_boxplot" name="toggle_slider_module_widgets_are_initialized_with_proper_values"/>
    <testcase time="15.096" classname="shinytest2_tm_g_gh_boxplot" name="toggle_slider_module_changing_the_sliderInput_sets_proper_numericInput_values"/>
    <testcase time="0.0509999999999984" classname="shinytest2_tm_g_gh_boxplot" name="toggle_slider_module_changing_the_sliderInput_sets_proper_numericInput_values"/>
    <testcase time="20.25" classname="shinytest2_tm_g_gh_boxplot" name="toggle_slider_module_changing_the_numericInputs_within_the_sliderInput_range_sets_proper_sliderInput_values"/>
    <testcase time="20.606" classname="shinytest2_tm_g_gh_boxplot" name="toggle_slider_module_changing_the_numericInputs_outside_the_sliderInput_range_sets_proper_sliderInput_values_and_range"/>
    <testcase time="20.404" classname="shinytest2_tm_g_gh_boxplot" name="toggle_slider_module_changing_the_numericInputs_within_the_rage_sets_back_the_sliderInput_range_to_initial_range"/>
    <testcase time="12.377" classname="shinytest2_tm_g_gh_boxplot" name="toggle_slider_module_changing_dependant_widgets_outside_sets_proper_sliderInput_and_numericInput_values"/>
  </testsuite>
</testsuites>
