<?xml version="1.0" encoding="UTF-8"?>
<testsuites>
  <testsuite name="shinytest2-tm_g_gh_boxplot" timestamp="2025-08-21T19:03:42Z" hostname="f7239c05bc23" tests="9" skipped="0" failures="0" errors="0" time="103.469">
    <testcase time="10.679" classname="shinytest2_tm_g_gh_boxplot" name="toggle_slider_module_widgets_are_initialized_with_proper_values"/>
    <testcase time="3.05" classname="shinytest2_tm_g_gh_boxplot" name="toggle_slider_module_widgets_are_initialized_with_proper_values"/>
    <testcase time="0.0570000000000004" classname="shinytest2_tm_g_gh_boxplot" name="toggle_slider_module_widgets_are_initialized_with_proper_values"/>
    <testcase time="15.168" classname="shinytest2_tm_g_gh_boxplot" name="toggle_slider_module_changing_the_sliderInput_sets_proper_numericInput_values"/>
    <testcase time="0.0519999999999996" classname="shinytest2_tm_g_gh_boxplot" name="toggle_slider_module_changing_the_sliderInput_sets_proper_numericInput_values"/>
    <testcase time="20.735" classname="shinytest2_tm_g_gh_boxplot" name="toggle_slider_module_changing_the_numericInputs_within_the_sliderInput_range_sets_proper_sliderInput_values"/>
    <testcase time="20.657" classname="shinytest2_tm_g_gh_boxplot" name="toggle_slider_module_changing_the_numericInputs_outside_the_sliderInput_range_sets_proper_sliderInput_values_and_range"/>
    <testcase time="20.426" classname="shinytest2_tm_g_gh_boxplot" name="toggle_slider_module_changing_the_numericInputs_within_the_rage_sets_back_the_sliderInput_range_to_initial_range"/>
    <testcase time="12.645" classname="shinytest2_tm_g_gh_boxplot" name="toggle_slider_module_changing_dependant_widgets_outside_sets_proper_sliderInput_and_numericInput_values"/>
  </testsuite>
</testsuites>
