<?xml version="1.0" encoding="UTF-8"?>
<testsuites>
  <testsuite name="shinytest2-tm_g_gh_boxplot" timestamp="2025-06-30T13:17:09Z" hostname="d9a8831eb084" tests="9" skipped="0" failures="1" errors="0" time="96.076">
    <testcase time="10.011" classname="shinytest2_tm_g_gh_boxplot" name="toggle_slider_module_widgets_are_initialized_with_proper_values"/>
    <testcase time="2.998" classname="shinytest2_tm_g_gh_boxplot" name="toggle_slider_module_widgets_are_initialized_with_proper_values"/>
    <testcase time="0.0589999999999993" classname="shinytest2_tm_g_gh_boxplot" name="toggle_slider_module_widgets_are_initialized_with_proper_values"/>
    <testcase time="14.449" classname="shinytest2_tm_g_gh_boxplot" name="toggle_slider_module_changing_the_sliderInput_sets_proper_numericInput_values"/>
    <testcase time="0.0509999999999984" classname="shinytest2_tm_g_gh_boxplot" name="toggle_slider_module_changing_the_sliderInput_sets_proper_numericInput_values"/>
    <testcase time="19.549" classname="shinytest2_tm_g_gh_boxplot" name="toggle_slider_module_changing_the_numericInputs_within_the_sliderInput_range_sets_proper_sliderInput_values"/>
    <testcase time="19.759" classname="shinytest2_tm_g_gh_boxplot" name="toggle_slider_module_changing_the_numericInputs_outside_the_sliderInput_range_sets_proper_sliderInput_values_and_range"/>
    <testcase time="19.548" classname="shinytest2_tm_g_gh_boxplot" name="toggle_slider_module_changing_the_numericInputs_within_the_rage_sets_back_the_sliderInput_range_to_initial_range"/>
    <testcase time="9.652" classname="shinytest2_tm_g_gh_boxplot" name="toggle_slider_module_changing_dependant_widgets_outside_sets_proper_sliderInput_and_numericInput_values">
      <failure type="failure" message="list(...) (`actual`) not identical to list(min = new_range[1], max = new_range[2], value = new_range) (`expected`). ('test-shinytest2-tm_g_gh_boxplot.R:158:5')">list(...) (`actual`) not identical to list(min = new_range[1], max = new_range[2], value = new_range) (`expected`).

  `actual$min`: 0
`expected$min`: 5

  `actual$max`: 55
`expected$max`: 13

  `actual$value`: 0 55
`expected$value`: 5 13</failure>
    </testcase>
  </testsuite>
</testsuites>
