<?xml version="1.0" encoding="UTF-8"?>
<testsuites>
  <testsuite name="shinytest2-tm_g_gh_boxplot" timestamp="2025-06-30T12:54:19Z" hostname="91084c8f6297" tests="6" skipped="6" failures="0" errors="0" time="2.626">
    <testcase time="0.542" classname="shinytest2_tm_g_gh_boxplot" name="toggle_slider_module_widgets_are_initialized_with_proper_values">
      <skipped message="Reason: On CRAN ('test-shinytest2-tm_g_gh_boxplot.R:25:3')"/>
    </testcase>
    <testcase time="0.49" classname="shinytest2_tm_g_gh_boxplot" name="toggle_slider_module_changing_the_sliderInput_sets_proper_numericInput_values">
      <skipped message="Reason: On CRAN ('test-shinytest2-tm_g_gh_boxplot.R:38:3')"/>
    </testcase>
    <testcase time="0.404" classname="shinytest2_tm_g_gh_boxplot" name="toggle_slider_module_changing_the_numericInputs_within_the_sliderInput_range_sets_proper_sliderInput_values">
      <skipped message="Reason: On CRAN ('test-shinytest2-tm_g_gh_boxplot.R:54:5')"/>
    </testcase>
    <testcase time="0.392" classname="shinytest2_tm_g_gh_boxplot" name="toggle_slider_module_changing_the_numericInputs_outside_the_sliderInput_range_sets_proper_sliderInput_values_and_range">
      <skipped message="Reason: On CRAN ('test-shinytest2-tm_g_gh_boxplot.R:88:5')"/>
    </testcase>
    <testcase time="0.398" classname="shinytest2_tm_g_gh_boxplot" name="toggle_slider_module_changing_the_numericInputs_within_the_rage_sets_back_the_sliderInput_range_to_initial_range">
      <skipped message="Reason: On CRAN ('test-shinytest2-tm_g_gh_boxplot.R:121:5')"/>
    </testcase>
    <testcase time="0.4" classname="shinytest2_tm_g_gh_boxplot" name="toggle_slider_module_changing_dependant_widgets_outside_sets_proper_sliderInput_and_numericInput_values">
      <skipped message="Reason: On CRAN ('test-shinytest2-tm_g_gh_boxplot.R:155:5')"/>
    </testcase>
  </testsuite>
</testsuites>
