<?xml version="1.0" encoding="UTF-8"?>
<testsuites>
  <testsuite name="shinytest2-tm_g_gh_boxplot" timestamp="2025-06-27T12:38:47Z" hostname="3ba1bd9f68dd" tests="6" skipped="6" failures="0" errors="0" time="2.777">
    <testcase time="0.578" classname="shinytest2_tm_g_gh_boxplot" name="toggle_slider_module_widgets_are_initialized_with_proper_values">
      <skipped message="Reason: On CRAN ('test-shinytest2-tm_g_gh_boxplot.R:25:3')"/>
    </testcase>
    <testcase time="0.514" classname="shinytest2_tm_g_gh_boxplot" name="toggle_slider_module_changing_the_sliderInput_sets_proper_numericInput_values">
      <skipped message="Reason: On CRAN ('test-shinytest2-tm_g_gh_boxplot.R:38:3')"/>
    </testcase>
    <testcase time="0.427" classname="shinytest2_tm_g_gh_boxplot" name="toggle_slider_module_changing_the_numericInputs_within_the_sliderInput_range_sets_proper_sliderInput_values">
      <skipped message="Reason: On CRAN ('test-shinytest2-tm_g_gh_boxplot.R:54:5')"/>
    </testcase>
    <testcase time="0.414" classname="shinytest2_tm_g_gh_boxplot" name="toggle_slider_module_changing_the_numericInputs_outside_the_sliderInput_range_sets_proper_sliderInput_values_and_range">
      <skipped message="Reason: On CRAN ('test-shinytest2-tm_g_gh_boxplot.R:88:5')"/>
    </testcase>
    <testcase time="0.419" classname="shinytest2_tm_g_gh_boxplot" name="toggle_slider_module_changing_the_numericInputs_within_the_rage_sets_back_the_sliderInput_range_to_initial_range">
      <skipped message="Reason: On CRAN ('test-shinytest2-tm_g_gh_boxplot.R:121:5')"/>
    </testcase>
    <testcase time="0.425" classname="shinytest2_tm_g_gh_boxplot" name="toggle_slider_module_changing_dependant_widgets_outside_sets_proper_sliderInput_and_numericInput_values">
      <skipped message="Reason: On CRAN ('test-shinytest2-tm_g_gh_boxplot.R:155:5')"/>
    </testcase>
  </testsuite>
</testsuites>
